[2021-11-24 15:30:19,731] basepage.py->wait_eleVisible line:33 [INFO]等待元素('xpath', '//input[@id="username"]')可见
[2021-11-24 15:30:19,773] basepage.py->wait_eleVisible line:42 [INFO]登录页面_登录功能:元素('xpath', '//input[@id="username"]')可见，等待开始时间：2021-11-24 15:30:19.733188，等待结束时间：2021-11-24 15:30:19.772190，等待结束，等待时长为：0
[2021-11-24 15:30:19,773] basepage.py->get_element line:58 [INFO]登录页面_登录功能查找元素：('xpath', '//input[@id="username"]')
[2021-11-24 15:30:19,787] basepage.py->input_text line:97 [INFO]登录页面_登录功能：元素：('xpath', '//input[@id="username"]')输入内容：carisok1046
[2021-11-24 15:30:19,903] basepage.py->get_element line:58 [INFO]登录页面_登录功能查找元素：('xpath', '//input[@id="password"]')
[2021-11-24 15:30:19,919] basepage.py->input_text line:97 [INFO]登录页面_登录功能：元素：('xpath', '//input[@id="password"]')输入内容：123456
[2021-11-24 15:30:19,991] basepage.py->get_element line:58 [INFO]登录页面_登录功能查找元素：('xpath', '//button[@class="login-btn login-btn1"]')
[2021-11-24 15:30:20,007] basepage.py->click_element line:83 [INFO]登录页面_登录功能点击元素：('xpath', '//button[@class="login-btn login-btn1"]')
[2021-11-24 17:11:00,636] basepage.py->wait_eleVisible line:33 [INFO]等待元素('xpath', '//input[@id="username"]')可见
[2021-11-24 17:11:00,687] basepage.py->wait_eleVisible line:42 [INFO]登录页面_登录功能:元素('xpath', '//input[@id="username"]')可见，等待开始时间：2021-11-24 17:11:00.637708，等待结束时间：2021-11-24 17:11:00.687710，等待结束，等待时长为：0
[2021-11-24 17:11:00,687] basepage.py->get_element line:58 [INFO]登录页面_登录功能查找元素：('xpath', '//input[@id="username"]')
[2021-11-24 17:11:00,702] basepage.py->input_text line:97 [INFO]登录页面_登录功能：元素：('xpath', '//input[@id="username"]')输入内容：carisok1046
[2021-11-24 17:11:00,794] basepage.py->get_element line:58 [INFO]登录页面_登录功能查找元素：('xpath', '//input[@id="password"]')
[2021-11-24 17:11:00,812] basepage.py->input_text line:97 [INFO]登录页面_登录功能：元素：('xpath', '//input[@id="password"]')输入内容：123456
[2021-11-24 17:11:00,923] basepage.py->get_element line:58 [INFO]登录页面_登录功能查找元素：('xpath', '//button[@class="login-btn login-btn1"]')
[2021-11-24 17:11:00,942] basepage.py->click_element line:83 [INFO]登录页面_登录功能点击元素：('xpath', '//button[@class="login-btn login-btn1"]')
[2021-11-24 17:14:33,653] basepage.py->wait_eleVisible line:33 [INFO]等待元素('xpath', '//input[@id="username"]')可见
[2021-11-24 17:14:33,693] basepage.py->wait_eleVisible line:42 [INFO]登录页面_登录功能:元素('xpath', '//input[@id="username"]')可见，等待开始时间：2021-11-24 17:14:33.654891，等待结束时间：2021-11-24 17:14:33.693894，等待结束，等待时长为：0
[2021-11-24 17:14:33,693] basepage.py->get_element line:58 [INFO]登录页面_登录功能查找元素：('xpath', '//input[@id="username"]')
[2021-11-24 17:14:33,704] basepage.py->input_text line:97 [INFO]登录页面_登录功能：元素：('xpath', '//input[@id="username"]')输入内容：carisok1046
[2021-11-24 17:14:33,787] basepage.py->get_element line:58 [INFO]登录页面_登录功能查找元素：('xpath', '//input[@id="password"]')
[2021-11-24 17:14:33,802] basepage.py->input_text line:97 [INFO]登录页面_登录功能：元素：('xpath', '//input[@id="password"]')输入内容：123456
[2021-11-24 17:14:33,888] basepage.py->get_element line:58 [INFO]登录页面_登录功能查找元素：('xpath', '//button[@class="login-btn login-btn1"]')
[2021-11-24 17:14:33,902] basepage.py->click_element line:83 [INFO]登录页面_登录功能点击元素：('xpath', '//button[@class="login-btn login-btn1"]')
[2021-11-24 17:21:09,944] basepage.py->wait_eleVisible line:33 [INFO]等待元素('xpath', '//input[@id="username"]')可见
[2021-11-24 17:21:09,992] basepage.py->wait_eleVisible line:42 [INFO]登录页面_登录功能:元素('xpath', '//input[@id="username"]')可见，等待开始时间：2021-11-24 17:21:09.946558，等待结束时间：2021-11-24 17:21:09.992561，等待结束，等待时长为：0
[2021-11-24 17:21:09,992] basepage.py->get_element line:58 [INFO]登录页面_登录功能查找元素：('xpath', '//input[@id="username"]')
[2021-11-24 17:21:10,009] basepage.py->input_text line:97 [INFO]登录页面_登录功能：元素：('xpath', '//input[@id="username"]')输入内容：carisok1046
[2021-11-24 17:21:10,104] basepage.py->get_element line:58 [INFO]登录页面_登录功能查找元素：('xpath', '//input[@id="password"]')
[2021-11-24 17:21:10,123] basepage.py->input_text line:97 [INFO]登录页面_登录功能：元素：('xpath', '//input[@id="password"]')输入内容：123456
[2021-11-24 17:21:10,214] basepage.py->get_element line:58 [INFO]登录页面_登录功能查找元素：('xpath', '//button[@class="login-btn login-btn1"]')
[2021-11-24 17:21:10,235] basepage.py->click_element line:83 [INFO]登录页面_登录功能点击元素：('xpath', '//button[@class="login-btn login-btn1"]')
[2021-11-24 17:21:55,018] basepage.py->wait_eleVisible line:33 [INFO]等待元素('xpath', '//input[@id="username"]')可见
[2021-11-24 17:21:55,054] basepage.py->wait_eleVisible line:42 [INFO]登录页面_登录功能:元素('xpath', '//input[@id="username"]')可见，等待开始时间：2021-11-24 17:21:55.019136，等待结束时间：2021-11-24 17:21:55.054138，等待结束，等待时长为：0
[2021-11-24 17:21:55,054] basepage.py->get_element line:58 [INFO]登录页面_登录功能查找元素：('xpath', '//input[@id="username"]')
[2021-11-24 17:21:55,062] basepage.py->input_text line:97 [INFO]登录页面_登录功能：元素：('xpath', '//input[@id="username"]')输入内容：carisok1046
[2021-11-24 17:21:55,130] basepage.py->get_element line:58 [INFO]登录页面_登录功能查找元素：('xpath', '//input[@id="password"]')
[2021-11-24 17:21:55,143] basepage.py->input_text line:97 [INFO]登录页面_登录功能：元素：('xpath', '//input[@id="password"]')输入内容：123456
[2021-11-24 17:21:55,201] basepage.py->get_element line:58 [INFO]登录页面_登录功能查找元素：('xpath', '//button[@class="login-btn login-btn1"]')
[2021-11-24 17:21:55,215] basepage.py->click_element line:83 [INFO]登录页面_登录功能点击元素：('xpath', '//button[@class="login-btn login-btn1"]')
[2021-11-24 17:37:52,375] basepage.py->wait_eleVisible line:33 [INFO]等待元素('xpath', '//input[@id="username"]')可见
[2021-11-24 17:37:52,433] basepage.py->wait_eleVisible line:42 [INFO]登录页面_登录功能:元素('xpath', '//input[@id="username"]')可见，等待开始时间：2021-11-24 17:37:52.402895，等待结束时间：2021-11-24 17:37:52.433897，等待结束，等待时长为：0
[2021-11-24 17:37:52,434] basepage.py->get_element line:58 [INFO]登录页面_登录功能查找元素：('xpath', '//input[@id="username"]')
[2021-11-24 17:37:52,444] basepage.py->input_text line:97 [INFO]登录页面_登录功能：元素：('xpath', '//input[@id="username"]')输入内容：carisok1046
[2021-11-24 17:37:52,507] basepage.py->get_element line:58 [INFO]登录页面_登录功能查找元素：('xpath', '//input[@id="password"]')
[2021-11-24 17:37:52,519] basepage.py->input_text line:97 [INFO]登录页面_登录功能：元素：('xpath', '//input[@id="password"]')输入内容：123456
[2021-11-24 17:37:52,568] basepage.py->get_element line:58 [INFO]登录页面_登录功能查找元素：('xpath', '//button[@class="login-btn login-btn1"]')
[2021-11-24 17:37:52,581] basepage.py->click_element line:83 [INFO]登录页面_登录功能点击元素：('xpath', '//button[@class="login-btn login-btn1"]')
[2021-11-24 17:50:59,048] basepage.py->wait_eleVisible line:33 [INFO]等待元素('xpath', '//input[@id="username"]')可见
[2021-11-24 17:50:59,110] basepage.py->wait_eleVisible line:42 [INFO]登录页面_登录功能:元素('xpath', '//input[@id="username"]')可见，等待开始时间：2021-11-24 17:50:59.070890，等待结束时间：2021-11-24 17:50:59.110892，等待结束，等待时长为：0
[2021-11-24 17:50:59,110] basepage.py->get_element line:58 [INFO]登录页面_登录功能查找元素：('xpath', '//input[@id="username"]')
[2021-11-24 17:50:59,123] basepage.py->input_text line:97 [INFO]登录页面_登录功能：元素：('xpath', '//input[@id="username"]')输入内容：188251970940
[2021-11-24 17:50:59,202] basepage.py->get_element line:58 [INFO]登录页面_登录功能查找元素：('xpath', '//input[@id="password"]')
[2021-11-24 17:50:59,218] basepage.py->input_text line:97 [INFO]登录页面_登录功能：元素：('xpath', '//input[@id="password"]')输入内容：123456
[2021-11-24 17:50:59,291] basepage.py->get_element line:58 [INFO]登录页面_登录功能查找元素：('xpath', '//button[@class="login-btn login-btn1"]')
[2021-11-24 17:50:59,307] basepage.py->click_element line:83 [INFO]登录页面_登录功能点击元素：('xpath', '//button[@class="login-btn login-btn1"]')
[2021-11-24 17:51:13,646] basepage.py->wait_eleVisible line:33 [INFO]等待元素('xpath', '//input[@id="username"]')可见
[2021-11-24 17:51:13,687] basepage.py->wait_eleVisible line:42 [INFO]登录页面_登录功能:元素('xpath', '//input[@id="username"]')可见，等待开始时间：2021-11-24 17:51:13.646724，等待结束时间：2021-11-24 17:51:13.687726，等待结束，等待时长为：0
[2021-11-24 17:51:13,688] basepage.py->get_element line:58 [INFO]登录页面_登录功能查找元素：('xpath', '//input[@id="username"]')
[2021-11-24 17:51:13,699] basepage.py->input_text line:97 [INFO]登录页面_登录功能：元素：('xpath', '//input[@id="username"]')输入内容：1882519709
[2021-11-24 17:51:13,769] basepage.py->get_element line:58 [INFO]登录页面_登录功能查找元素：('xpath', '//input[@id="password"]')
[2021-11-24 17:51:13,783] basepage.py->input_text line:97 [INFO]登录页面_登录功能：元素：('xpath', '//input[@id="password"]')输入内容：123456
[2021-11-24 17:51:13,887] basepage.py->get_element line:58 [INFO]登录页面_登录功能查找元素：('xpath', '//button[@class="login-btn login-btn1"]')
[2021-11-24 17:51:13,901] basepage.py->click_element line:83 [INFO]登录页面_登录功能点击元素：('xpath', '//button[@class="login-btn login-btn1"]')
[2021-11-24 17:51:28,078] basepage.py->wait_eleVisible line:33 [INFO]等待元素('xpath', '//input[@id="username"]')可见
[2021-11-24 17:51:28,124] basepage.py->wait_eleVisible line:42 [INFO]登录页面_登录功能:元素('xpath', '//input[@id="username"]')可见，等待开始时间：2021-11-24 17:51:28.079549，等待结束时间：2021-11-24 17:51:28.124552，等待结束，等待时长为：0
[2021-11-24 17:51:28,124] basepage.py->get_element line:58 [INFO]登录页面_登录功能查找元素：('xpath', '//input[@id="username"]')
[2021-11-24 17:51:28,136] basepage.py->input_text line:97 [INFO]登录页面_登录功能：元素：('xpath', '//input[@id="username"]')输入内容：
[2021-11-24 17:51:28,210] basepage.py->get_element line:58 [INFO]登录页面_登录功能查找元素：('xpath', '//input[@id="password"]')
[2021-11-24 17:51:28,227] basepage.py->input_text line:97 [INFO]登录页面_登录功能：元素：('xpath', '//input[@id="password"]')输入内容：123456
[2021-11-24 17:51:28,311] basepage.py->get_element line:58 [INFO]登录页面_登录功能查找元素：('xpath', '//button[@class="login-btn login-btn1"]')
[2021-11-24 17:51:28,328] basepage.py->click_element line:83 [INFO]登录页面_登录功能点击元素：('xpath', '//button[@class="login-btn login-btn1"]')
[2021-11-24 17:51:42,863] basepage.py->wait_eleVisible line:33 [INFO]等待元素('xpath', '//input[@id="username"]')可见
[2021-11-24 17:51:42,901] basepage.py->wait_eleVisible line:42 [INFO]登录页面_登录功能:元素('xpath', '//input[@id="username"]')可见，等待开始时间：2021-11-24 17:51:42.863395，等待结束时间：2021-11-24 17:51:42.901397，等待结束，等待时长为：0
[2021-11-24 17:51:42,902] basepage.py->get_element line:58 [INFO]登录页面_登录功能查找元素：('xpath', '//input[@id="username"]')
[2021-11-24 17:51:42,912] basepage.py->input_text line:97 [INFO]登录页面_登录功能：元素：('xpath', '//input[@id="username"]')输入内容：12220000000
[2021-11-24 17:51:43,199] basepage.py->get_element line:58 [INFO]登录页面_登录功能查找元素：('xpath', '//input[@id="password"]')
[2021-11-24 17:51:43,213] basepage.py->input_text line:97 [INFO]登录页面_登录功能：元素：('xpath', '//input[@id="password"]')输入内容：123456
[2021-11-24 17:51:43,277] basepage.py->get_element line:58 [INFO]登录页面_登录功能查找元素：('xpath', '//button[@class="login-btn login-btn1"]')
[2021-11-24 17:51:43,290] basepage.py->click_element line:83 [INFO]登录页面_登录功能点击元素：('xpath', '//button[@class="login-btn login-btn1"]')
[2021-11-24 17:51:58,678] basepage.py->wait_eleVisible line:33 [INFO]等待元素('xpath', '//input[@id="username"]')可见
[2021-11-24 17:51:58,713] basepage.py->wait_eleVisible line:42 [INFO]登录页面_登录功能:元素('xpath', '//input[@id="username"]')可见，等待开始时间：2021-11-24 17:51:58.678299，等待结束时间：2021-11-24 17:51:58.713301，等待结束，等待时长为：0
[2021-11-24 17:51:58,713] basepage.py->get_element line:58 [INFO]登录页面_登录功能查找元素：('xpath', '//input[@id="username"]')
[2021-11-24 17:51:58,723] basepage.py->input_text line:97 [INFO]登录页面_登录功能：元素：('xpath', '//input[@id="username"]')输入内容：carisok1046
[2021-11-24 17:51:58,834] basepage.py->get_element line:58 [INFO]登录页面_登录功能查找元素：('xpath', '//input[@id="password"]')
[2021-11-24 17:51:58,846] basepage.py->input_text line:97 [INFO]登录页面_登录功能：元素：('xpath', '//input[@id="password"]')输入内容：1234567
[2021-11-24 17:51:58,902] basepage.py->get_element line:58 [INFO]登录页面_登录功能查找元素：('xpath', '//button[@class="login-btn login-btn1"]')
[2021-11-24 17:51:58,913] basepage.py->click_element line:83 [INFO]登录页面_登录功能点击元素：('xpath', '//button[@class="login-btn login-btn1"]')
[2021-11-24 17:52:13,304] basepage.py->wait_eleVisible line:33 [INFO]等待元素('xpath', '//input[@id="username"]')可见
[2021-11-24 17:52:13,354] basepage.py->wait_eleVisible line:42 [INFO]登录页面_登录功能:元素('xpath', '//input[@id="username"]')可见，等待开始时间：2021-11-24 17:52:13.304136，等待结束时间：2021-11-24 17:52:13.354139，等待结束，等待时长为：0
[2021-11-24 17:52:13,354] basepage.py->get_element line:58 [INFO]登录页面_登录功能查找元素：('xpath', '//input[@id="username"]')
[2021-11-24 17:52:13,369] basepage.py->input_text line:97 [INFO]登录页面_登录功能：元素：('xpath', '//input[@id="username"]')输入内容：carisok1046
[2021-11-24 17:52:13,494] basepage.py->get_element line:58 [INFO]登录页面_登录功能查找元素：('xpath', '//input[@id="password"]')
[2021-11-24 17:52:13,524] basepage.py->input_text line:97 [INFO]登录页面_登录功能：元素：('xpath', '//input[@id="password"]')输入内容：
[2021-11-24 17:52:13,593] basepage.py->get_element line:58 [INFO]登录页面_登录功能查找元素：('xpath', '//button[@class="login-btn login-btn1"]')
[2021-11-24 17:52:13,608] basepage.py->click_element line:83 [INFO]登录页面_登录功能点击元素：('xpath', '//button[@class="login-btn login-btn1"]')
[2021-11-24 17:58:54,441] basepage.py->wait_eleVisible line:33 [INFO]等待元素('xpath', '//input[@id="username"]')可见
[2021-11-24 17:58:54,483] basepage.py->wait_eleVisible line:42 [INFO]登录页面_登录功能:元素('xpath', '//input[@id="username"]')可见，等待开始时间：2021-11-24 17:58:54.442080，等待结束时间：2021-11-24 17:58:54.483082，等待结束，等待时长为：0
[2021-11-24 17:58:54,483] basepage.py->get_element line:58 [INFO]登录页面_登录功能查找元素：('xpath', '//input[@id="username"]')
[2021-11-24 17:58:54,499] basepage.py->input_text line:97 [INFO]登录页面_登录功能：元素：('xpath', '//input[@id="username"]')输入内容：carisok1046
[2021-11-24 17:58:54,620] basepage.py->get_element line:58 [INFO]登录页面_登录功能查找元素：('xpath', '//input[@id="password"]')
[2021-11-24 17:58:54,640] basepage.py->input_text line:97 [INFO]登录页面_登录功能：元素：('xpath', '//input[@id="password"]')输入内容：123456
[2021-11-24 17:58:54,740] basepage.py->get_element line:58 [INFO]登录页面_登录功能查找元素：('xpath', '//button[@class="login-btn login-btn1"]')
[2021-11-24 17:58:54,761] basepage.py->click_element line:83 [INFO]登录页面_登录功能点击元素：('xpath', '//button[@class="login-btn login-btn1"]')
